<?xml version="1.0" encoding="UTF-8"?>
<!-- Generated by org.testng.reporters.JUnitReportReporter -->
<testsuite skipped="0" hostname="A2ML37876" name="restAssuredDay2.waysTocreatePostRequestBody" tests="1" failures="0" timestamp="2023-08-23T11:14:48 IST" time="6.073" errors="0">
  <testcase name="createStudentExternalFIle" time="6.073" classname="restAssuredDay2.waysTocreatePostRequestBody"/>
  <system-out/>
</testsuite> <!-- restAssuredDay2.waysTocreatePostRequestBody -->
