<?xml version="1.0" encoding="UTF-8"?>
<!-- Generated by org.testng.reporters.JUnitReportReporter -->
<testsuite skipped="0" hostname="A2ML37876" name="restAssuredTest.HttpRequest" tests="1" failures="0" timestamp="2023-08-22T22:11:55 IST" time="3.707" errors="0">
  <testcase name="getStudent1" time="3.707" classname="restAssuredTest.HttpRequest"/>
  <system-out/>
</testsuite> <!-- restAssuredTest.HttpRequest -->
